https://mac.r-project.org/bin/darwin20/x86_64/apr-1.7.3-darwin.20-x86_64.tar.xz
https://mac.r-project.org/bin/darwin20/x86_64/apr-util-1.6.3-darwin.20-x86_64.tar.xz
https://mac.r-project.org/bin/darwin20/x86_64/autoconf-2.72-darwin.20-x86_64.tar.xz
https://mac.r-project.org/bin/darwin20/x86_64/automake-1.17-darwin.20-x86_64.tar.xz
https://mac.r-project.org/bin/darwin20/x86_64/bdb-6.2.23-darwin.20-x86_64.tar.xz
https://mac.r-project.org/bin/darwin20/x86_64/blosc-1.21.6-darwin.20-x86_64.tar.xz
https://mac.r-project.org/bin/darwin20/x86_64/boost-1.86.0-darwin.20-x86_64.tar.xz
https://mac.r-project.org/bin/darwin20/x86_64/bsdtar-3.7.7-darwin.20-x86_64.tar.xz
https://mac.r-project.org/bin/darwin20/x86_64/cairo-1.17.6-darwin.20-x86_64.tar.xz
https://mac.r-project.org/bin/darwin20/x86_64/cgl-0.60.6-darwin.20-x86_64.tar.xz
https://mac.r-project.org/bin/darwin20/x86_64/clp-1.17.7-darwin.20-x86_64.tar.xz
https://mac.r-project.org/bin/darwin20/x86_64/coinutils-2.11.6-darwin.20-x86_64.tar.xz
https://mac.r-project.org/bin/darwin20/x86_64/dylp-1.10.4-darwin.20-x86_64.tar.xz
https://mac.r-project.org/bin/darwin20/x86_64/emacs-28.2-darwin.20-x86_64.tar.xz
https://mac.r-project.org/bin/darwin20/x86_64/expat-2.6.4-darwin.20-x86_64.tar.xz
https://mac.r-project.org/bin/darwin20/x86_64/ffi-3.4.2-darwin.20-x86_64.tar.xz
https://mac.r-project.org/bin/darwin20/x86_64/fftw-3.3.10-darwin.20-x86_64.tar.xz
https://mac.r-project.org/bin/darwin20/x86_64/fftw-s-3.3.10-darwin.20-x86_64.tar.xz
https://mac.r-project.org/bin/darwin20/x86_64/flint-3.1.3-p1-darwin.20-x86_64.tar.xz
https://mac.r-project.org/bin/darwin20/x86_64/fontconfig-2.14.2-darwin.20-x86_64.tar.xz
https://mac.r-project.org/bin/darwin20/x86_64/freetype-2.13.2-darwin.20-x86_64.tar.xz
https://mac.r-project.org/bin/darwin20/x86_64/freexl-1.0.6-darwin.20-x86_64.tar.xz
https://mac.r-project.org/bin/darwin20/x86_64/fribidi-1.0.15-darwin.20-x86_64.tar.xz
https://mac.r-project.org/bin/darwin20/x86_64/gdal-3.8.5-darwin.20-x86_64.tar.xz
https://mac.r-project.org/bin/darwin20/x86_64/geos-3.13.0-darwin.20-x86_64.tar.xz
https://mac.r-project.org/bin/darwin20/x86_64/gettext-0.22.5-darwin.20-x86_64.tar.xz
https://mac.r-project.org/bin/darwin20/x86_64/glib-2.76.1-darwin.20-x86_64.tar.xz
https://mac.r-project.org/bin/darwin20/x86_64/glpk-5.0-darwin.20-x86_64.tar.xz
https://mac.r-project.org/bin/darwin20/x86_64/gmp-6.3.0-darwin.20-x86_64.tar.xz
https://mac.r-project.org/bin/darwin20/x86_64/gsl-2.8-darwin.20-x86_64.tar.xz
https://mac.r-project.org/bin/darwin20/x86_64/harfbuzz-8.5.0-darwin.20-x86_64.tar.xz
https://mac.r-project.org/bin/darwin20/x86_64/hdf4-4.3.0-darwin.20-x86_64.tar.xz
https://mac.r-project.org/bin/darwin20/x86_64/hdf5-1.14.5-darwin.20-x86_64.tar.xz
https://mac.r-project.org/bin/darwin20/x86_64/hwloc-2.11.1-darwin.20-x86_64.tar.xz
https://mac.r-project.org/bin/darwin20/x86_64/icu-71.1-darwin.20-x86_64.tar.xz
https://mac.r-project.org/bin/darwin20/x86_64/isl-0.25-darwin.20-x86_64.tar.xz
https://mac.r-project.org/bin/darwin20/x86_64/jpeg-9e-darwin.20-x86_64.tar.xz
https://mac.r-project.org/bin/darwin20/x86_64/libarchive-3.7.7-darwin.20-x86_64.tar.xz
https://mac.r-project.org/bin/darwin20/x86_64/libb2-0.98.1-darwin.20-x86_64.tar.xz
https://mac.r-project.org/bin/darwin20/x86_64/libdeflate-1.23-darwin.20-x86_64.tar.xz
https://mac.r-project.org/bin/darwin20/x86_64/libgeotiff-1.7.3-darwin.20-x86_64.tar.xz
https://mac.r-project.org/bin/darwin20/x86_64/libgit2-1.8.2-darwin.20-x86_64.tar.xz
https://mac.r-project.org/bin/darwin20/x86_64/libogg-1.3.5-darwin.20-x86_64.tar.xz
https://mac.r-project.org/bin/darwin20/x86_64/libpng-1.6.44-darwin.20-x86_64.tar.xz
https://mac.r-project.org/bin/darwin20/x86_64/libpq-14.16-darwin.20-x86_64.tar.xz
https://mac.r-project.org/bin/darwin20/x86_64/libsbml-5.20.2-darwin.20-x86_64.tar.xz
https://mac.r-project.org/bin/darwin20/x86_64/libsndfile-1.1.0-darwin.20-x86_64.tar.xz
https://mac.r-project.org/bin/darwin20/x86_64/libssh2-1.11.1-darwin.20-x86_64.tar.xz
https://mac.r-project.org/bin/darwin20/x86_64/libwebp-1.4.0-darwin.20-x86_64.tar.xz
https://mac.r-project.org/bin/darwin20/x86_64/lz4-1.9.4-darwin.20-x86_64.tar.xz
https://mac.r-project.org/bin/darwin20/x86_64/m4-1.4.19-darwin.20-x86_64.tar.xz
https://mac.r-project.org/bin/darwin20/x86_64/mpc-1.3.1-darwin.20-x86_64.tar.xz
https://mac.r-project.org/bin/darwin20/x86_64/mpfr-4.2.0-darwin.20-x86_64.tar.xz
https://mac.r-project.org/bin/darwin20/x86_64/netcdf-4.8.1-darwin.20-x86_64.tar.xz
https://mac.r-project.org/bin/darwin20/x86_64/nlopt-2.7.1-darwin.20-x86_64.tar.xz
https://mac.r-project.org/bin/darwin20/x86_64/openjpeg-2.5.0-darwin.20-x86_64.tar.xz
https://mac.r-project.org/bin/darwin20/x86_64/openssl-3.3.2-darwin.20-x86_64.tar.xz
https://mac.r-project.org/bin/darwin20/x86_64/osi-0.108.7-darwin.20-x86_64.tar.xz
https://mac.r-project.org/bin/darwin20/x86_64/pango-1.50.14-darwin.20-x86_64.tar.xz
https://mac.r-project.org/bin/darwin20/x86_64/pcre-8.45-darwin.20-x86_64.tar.xz
https://mac.r-project.org/bin/darwin20/x86_64/pcre2-10.44-darwin.20-x86_64.tar.xz
https://mac.r-project.org/bin/darwin20/x86_64/pixman-0.42.2-darwin.20-x86_64.tar.xz
https://mac.r-project.org/bin/darwin20/x86_64/pkgconfig-0.29.2-darwin.20-x86_64.tar.xz
https://mac.r-project.org/bin/darwin20/x86_64/poppler-23.04.0-darwin.20-x86_64.tar.xz
https://mac.r-project.org/bin/darwin20/x86_64/poppler-data-0.4.11-darwin.20-x86_64.tar.xz
https://mac.r-project.org/bin/darwin20/x86_64/proj-9.5.1-darwin.20-x86_64.tar.xz
https://mac.r-project.org/bin/darwin20/x86_64/protobuf-3.20.2-darwin.20-x86_64.tar.xz
https://mac.r-project.org/bin/darwin20/x86_64/qpdf-11.9.1-darwin.20-x86_64.tar.xz
https://mac.r-project.org/bin/darwin20/x86_64/QuantLib-1.35-darwin.20-x86_64.tar.xz
https://mac.r-project.org/bin/darwin20/x86_64/readline5-5.2-014-darwin.20-x86_64.tar.xz
https://mac.r-project.org/bin/darwin20/x86_64/rsync-3.3.0-darwin.20-x86_64.tar.xz
https://mac.r-project.org/bin/darwin20/x86_64/serf-1.3.10-darwin.20-x86_64.tar.xz
https://mac.r-project.org/bin/darwin20/x86_64/sigc++-2.10.3-darwin.20-x86_64.tar.xz
https://mac.r-project.org/bin/darwin20/x86_64/sqlite3-3.48.0-darwin.20-x86_64.tar.xz
https://mac.r-project.org/bin/darwin20/x86_64/subversion-1.14.3-darwin.20-x86_64.tar.xz
https://mac.r-project.org/bin/darwin20/x86_64/symphony-5.6.17-darwin.20-x86_64.tar.xz
https://mac.r-project.org/bin/darwin20/x86_64/sys-stubs-1.0-darwin.20-x86_64.tar.xz
https://mac.r-project.org/bin/darwin20/x86_64/szip-2.1.1-darwin.20-x86_64.tar.xz
https://mac.r-project.org/bin/darwin20/x86_64/texinfo-7.1-darwin.20-x86_64.tar.xz
https://mac.r-project.org/bin/darwin20/x86_64/tidy-5.8.0-darwin.20-x86_64.tar.xz
https://mac.r-project.org/bin/darwin20/x86_64/tiff-4.7.0-darwin.20-x86_64.tar.xz
https://mac.r-project.org/bin/darwin20/x86_64/udunits-2.2.28-darwin.20-x86_64.tar.xz
https://mac.r-project.org/bin/darwin20/x86_64/unixodbc-2.3.11-darwin.20-x86_64.tar.xz
https://mac.r-project.org/bin/darwin20/x86_64/utf8proc-2.7.0-darwin.20-x86_64.tar.xz
https://mac.r-project.org/bin/darwin20/x86_64/xz-5.6.3-darwin.20-x86_64.tar.xz
https://mac.r-project.org/bin/darwin20/x86_64/zeromq-4.3.4-darwin.20-x86_64.tar.xz
https://mac.r-project.org/bin/darwin20/x86_64/zlib-stub-0.1-darwin.20-x86_64.tar.xz
https://mac.r-project.org/bin/darwin20/x86_64/zstd-1.5.5-darwin.20-x86_64.tar.xz
